<?xml version="1.0" encoding="UTF-8"?>
<!-- Generated by org.testng.reporters.JUnitReportReporter -->
<testsuite hostname="Sandeep3052-03" failures="0" tests="1" name="testcases.TestCase2" time="17.438" errors="0" timestamp="07 Nov 2021 04:06:43 GMT" skipped="0">
  <testcase classname="testcases.TestCase2" name="secondTest" time="17.438"/>
</testsuite> <!-- testcases.TestCase2 -->
